2020-04-10 12:55:14.286 INFO [main] [com.naukri.pages.loginpage_naukri] [open_browser_and_start_application_naukri] [com.stepdefinition.loginpage_stepdefinition.open_browser_and_start_application_naukri(loginpage_stepdefinition.java:23)] - Chrome Browser launches
2020-04-10 12:55:14.303 INFO [main] [com.naukri.pages.loginpage_naukri] [enter_the] [com.stepdefinition.loginpage_stepdefinition.enter_the(loginpage_stepdefinition.java:30)] - website launched
2020-04-10 12:55:16.120 INFO [main] [com.naukri.pages.loginpage_naukri] [select_login] [com.stepdefinition.loginpage_stepdefinition.select_login(loginpage_stepdefinition.java:45)] - login successfully
2020-04-10 12:55:23.532 INFO [main] [com.naukri.pages.loginpage_naukri] [select_login] [com.stepdefinition.loginpage_stepdefinition.select_login(loginpage_stepdefinition.java:48)] - Screenshot is taken successfully
2020-04-10 12:56:56.415 INFO [main] [com.naukri.pages.loginpage_naukri] [open_browser_and_start_application_naukri] [com.stepdefinition.loginpage_stepdefinition.open_browser_and_start_application_naukri(loginpage_stepdefinition.java:23)] - Chrome Browser launches
2020-04-10 12:56:56.426 INFO [main] [com.naukri.pages.loginpage_naukri] [enter_the] [com.stepdefinition.loginpage_stepdefinition.enter_the(loginpage_stepdefinition.java:30)] - website launched
2020-04-10 12:56:57.484 INFO [main] [com.naukri.pages.loginpage_naukri] [select_login] [com.stepdefinition.loginpage_stepdefinition.select_login(loginpage_stepdefinition.java:45)] - login successfully
2020-04-10 12:57:04.529 INFO [main] [com.naukri.pages.loginpage_naukri] [select_login] [com.stepdefinition.loginpage_stepdefinition.select_login(loginpage_stepdefinition.java:48)] - Screenshot is taken successfully
2020-04-10 12:58:55.590 INFO [main] [com.naukri.pages.loginpage_naukri] [open_browser_and_start_application_naukri] [com.stepdefinition.loginpage_stepdefinition.open_browser_and_start_application_naukri(loginpage_stepdefinition.java:25)] - Chrome Browser launches
2020-04-10 12:58:55.600 INFO [main] [com.naukri.pages.loginpage_naukri] [enter_the] [com.stepdefinition.loginpage_stepdefinition.enter_the(loginpage_stepdefinition.java:32)] - website launched
2020-04-10 12:58:56.935 INFO [main] [com.naukri.pages.loginpage_naukri] [select_login] [com.stepdefinition.loginpage_stepdefinition.select_login(loginpage_stepdefinition.java:47)] - login successfully
2020-04-10 12:58:57.563 INFO [main] [com.naukri.pages.loginpage_naukri] [select_login] [com.stepdefinition.loginpage_stepdefinition.select_login(loginpage_stepdefinition.java:50)] - Screenshot is taken successfully
2020-04-10 13:04:42.513 INFO [main] [com.naukri.pages.Logoutpage_naukri] [open_chrome_and_start_naukri_application] [com.stepdefinition.logout_stepdefinition.open_chrome_and_start_naukri_application(logout_stepdefinition.java:26)] - Chrome Browser launches
2020-04-10 13:04:42.522 INFO [main] [com.naukri.pages.Logoutpage_naukri] [user_enters_valid_username_and_password] [com.stepdefinition.logout_stepdefinition.user_enters_valid_username_and_password(logout_stepdefinition.java:31)] - Naukri website is opened
2020-04-10 13:04:43.399 INFO [main] [com.naukri.pages.Logoutpage_naukri] [user_must_able_to_login] [com.stepdefinition.logout_stepdefinition.user_must_able_to_login(logout_stepdefinition.java:41)] - login successfully
2020-04-10 13:04:55.642 INFO [main] [com.naukri.pages.Logoutpage_naukri] [user_selects_logout] [com.stepdefinition.logout_stepdefinition.user_selects_logout(logout_stepdefinition.java:49)] - logout successfully
2020-04-10 13:07:21.926 INFO [main] [com.naukri.pages.loginpage_naukri] [open_browser_and_start_application_naukri] [com.stepdefinition.loginpage_stepdefinition.open_browser_and_start_application_naukri(loginpage_stepdefinition.java:25)] - Chrome Browser launches
2020-04-10 13:07:21.942 INFO [main] [com.naukri.pages.loginpage_naukri] [enter_the] [com.stepdefinition.loginpage_stepdefinition.enter_the(loginpage_stepdefinition.java:32)] - website launched
2020-04-10 13:07:23.315 INFO [main] [com.naukri.pages.loginpage_naukri] [select_login] [com.stepdefinition.loginpage_stepdefinition.select_login(loginpage_stepdefinition.java:47)] - login successfully
2020-04-10 13:07:26.923 INFO [main] [com.naukri.pages.loginpage_naukri] [select_login] [com.stepdefinition.loginpage_stepdefinition.select_login(loginpage_stepdefinition.java:50)] - Screenshot is taken successfully
2020-04-10 13:09:37.734 INFO [main] [com.naukri.pages.loginpage_naukri] [open_browser_and_start_application_naukri] [com.stepdefinition.loginpage_stepdefinition.open_browser_and_start_application_naukri(loginpage_stepdefinition.java:23)] - Chrome Browser launches
2020-04-10 13:09:37.743 INFO [main] [com.naukri.pages.loginpage_naukri] [enter_the] [com.stepdefinition.loginpage_stepdefinition.enter_the(loginpage_stepdefinition.java:30)] - website launched
2020-04-10 13:09:38.615 INFO [main] [com.naukri.pages.loginpage_naukri] [select_login] [com.stepdefinition.loginpage_stepdefinition.select_login(loginpage_stepdefinition.java:45)] - login successfully
2020-04-10 13:09:45.458 INFO [main] [com.naukri.pages.loginpage_naukri] [select_login] [com.stepdefinition.loginpage_stepdefinition.select_login(loginpage_stepdefinition.java:48)] - Screenshot is taken successfully
2020-04-10 13:13:07.980 INFO [main] [com.naukri.pages.Logoutpage_naukri] [open_chrome_and_start_naukri_application] [com.stepdefinition.logout_stepdefinition.open_chrome_and_start_naukri_application(logout_stepdefinition.java:27)] - Chrome Browser launches
2020-04-10 13:13:07.996 INFO [main] [com.naukri.pages.Logoutpage_naukri] [user_enters_valid_username_and_password] [com.stepdefinition.logout_stepdefinition.user_enters_valid_username_and_password(logout_stepdefinition.java:32)] - Naukri website is opened
2020-04-10 13:13:09.529 INFO [main] [com.naukri.pages.Logoutpage_naukri] [user_must_able_to_login] [com.stepdefinition.logout_stepdefinition.user_must_able_to_login(logout_stepdefinition.java:42)] - login successfully
2020-04-10 13:13:15.153 INFO [main] [com.naukri.pages.Logoutpage_naukri] [user_selects_logout] [com.stepdefinition.logout_stepdefinition.user_selects_logout(logout_stepdefinition.java:51)] - logout successfully
2020-04-10 13:21:57.658 INFO [main] [com.naukri.pages.loginpage_naukri] [lauch_browser_and_start_app] [com.stepdefinition.applyjob_stepdefinition.lauch_browser_and_start_app(applyjob_stepdefinition.java:24)] - Chrome Browser launches
2020-04-10 13:22:00.862 INFO [main] [com.naukri.pages.loginpage_naukri] [view_the_required_job] [com.stepdefinition.applyjob_stepdefinition.view_the_required_job(applyjob_stepdefinition.java:42)] - search completed
2020-04-10 13:22:13.517 INFO [main] [com.naukri.pages.loginpage_naukri] [apply_for_it] [com.stepdefinition.applyjob_stepdefinition.apply_for_it(applyjob_stepdefinition.java:61)] - applied for job
2020-04-10 15:07:33.575 INFO [main] [com.naukri.pages.loginpage_naukri] [open_browser_and_start_application_naukri] [com.stepdefinition.loginpage_stepdefinition.open_browser_and_start_application_naukri(loginpage_stepdefinition.java:26)] - Chrome Browser launches
2020-04-10 15:07:33.616 INFO [main] [com.naukri.pages.loginpage_naukri] [enter_the] [com.stepdefinition.loginpage_stepdefinition.enter_the(loginpage_stepdefinition.java:33)] - website launched
2020-04-10 15:07:42.385 INFO [main] [com.naukri.pages.loginpage_naukri] [select_login] [com.stepdefinition.loginpage_stepdefinition.select_login(loginpage_stepdefinition.java:48)] - login successfully
2020-04-10 15:07:48.155 INFO [main] [com.naukri.pages.loginpage_naukri] [select_login] [com.stepdefinition.loginpage_stepdefinition.select_login(loginpage_stepdefinition.java:51)] - Screenshot is taken successfully
2020-04-10 15:12:28.006 INFO [main] [com.naukri.pages.loginpage_naukri] [open_browser_and_start_application_naukri] [com.stepdefinition.loginpage_stepdefinition.open_browser_and_start_application_naukri(loginpage_stepdefinition.java:24)] - Chrome Browser launches
2020-04-10 15:12:28.034 INFO [main] [com.naukri.pages.loginpage_naukri] [enter_the] [com.stepdefinition.loginpage_stepdefinition.enter_the(loginpage_stepdefinition.java:31)] - website launched
2020-04-10 15:12:29.250 INFO [main] [com.naukri.pages.loginpage_naukri] [select_login] [com.stepdefinition.loginpage_stepdefinition.select_login(loginpage_stepdefinition.java:46)] - login successfully
2020-04-10 15:12:34.928 INFO [main] [com.naukri.pages.loginpage_naukri] [select_login] [com.stepdefinition.loginpage_stepdefinition.select_login(loginpage_stepdefinition.java:49)] - Screenshot is taken successfully
2020-04-10 15:19:51.083 INFO [main] [com.naukri.pages.Logoutpage_naukri] [open_chrome_and_start_naukri_application] [com.stepdefinition.logout_stepdefinition.open_chrome_and_start_naukri_application(logout_stepdefinition.java:32)] - Chrome Browser launches
2020-04-10 15:19:51.093 INFO [main] [com.naukri.pages.Logoutpage_naukri] [user_enters_valid_username_and_password] [com.stepdefinition.logout_stepdefinition.user_enters_valid_username_and_password(logout_stepdefinition.java:37)] - Naukri website is opened
2020-04-10 15:19:55.809 INFO [main] [com.naukri.pages.Logoutpage_naukri] [user_must_able_to_login] [com.stepdefinition.logout_stepdefinition.user_must_able_to_login(logout_stepdefinition.java:47)] - login successfully
2020-04-10 15:20:06.749 INFO [main] [com.naukri.pages.Logoutpage_naukri] [user_selects_logout] [com.stepdefinition.logout_stepdefinition.user_selects_logout(logout_stepdefinition.java:56)] - logout successfully
2020-04-10 15:24:46.666 INFO [main] [com.naukri.pages.Logoutpage_naukri] [open_chrome_and_start_naukri_application] [com.stepdefinition.logout_stepdefinition.open_chrome_and_start_naukri_application(logout_stepdefinition.java:32)] - Chrome Browser launches
2020-04-10 15:24:46.673 INFO [main] [com.naukri.pages.Logoutpage_naukri] [user_enters_valid_username_and_password] [com.stepdefinition.logout_stepdefinition.user_enters_valid_username_and_password(logout_stepdefinition.java:37)] - Naukri website is opened
2020-04-10 15:24:47.458 INFO [main] [com.naukri.pages.Logoutpage_naukri] [user_must_able_to_login] [com.stepdefinition.logout_stepdefinition.user_must_able_to_login(logout_stepdefinition.java:47)] - login successfully
2020-04-10 15:24:55.184 INFO [main] [com.naukri.pages.Logoutpage_naukri] [user_selects_logout] [com.stepdefinition.logout_stepdefinition.user_selects_logout(logout_stepdefinition.java:56)] - logout successfully
2020-04-10 15:26:07.301 INFO [main] [com.naukri.pages.Logoutpage_naukri] [open_chrome_and_start_naukri_application] [com.stepdefinition.logout_stepdefinition.open_chrome_and_start_naukri_application(logout_stepdefinition.java:32)] - Chrome Browser launches
2020-04-10 15:26:07.311 INFO [main] [com.naukri.pages.Logoutpage_naukri] [user_enters_valid_username_and_password] [com.stepdefinition.logout_stepdefinition.user_enters_valid_username_and_password(logout_stepdefinition.java:37)] - Naukri website is opened
2020-04-10 15:26:08.669 INFO [main] [com.naukri.pages.Logoutpage_naukri] [user_must_able_to_login] [com.stepdefinition.logout_stepdefinition.user_must_able_to_login(logout_stepdefinition.java:47)] - login successfully
2020-04-10 15:26:18.639 INFO [main] [com.naukri.pages.Logoutpage_naukri] [user_selects_logout] [com.stepdefinition.logout_stepdefinition.user_selects_logout(logout_stepdefinition.java:56)] - logout successfully
2020-04-10 15:28:22.509 INFO [main] [com.naukri.pages.Logoutpage_naukri] [open_chrome_and_start_naukri_application] [com.stepdefinition.logout_stepdefinition.open_chrome_and_start_naukri_application(logout_stepdefinition.java:32)] - Chrome Browser launches
2020-04-10 15:28:22.516 INFO [main] [com.naukri.pages.Logoutpage_naukri] [user_enters_valid_username_and_password] [com.stepdefinition.logout_stepdefinition.user_enters_valid_username_and_password(logout_stepdefinition.java:37)] - Naukri website is opened
2020-04-10 15:28:24.609 INFO [main] [com.naukri.pages.Logoutpage_naukri] [user_must_able_to_login] [com.stepdefinition.logout_stepdefinition.user_must_able_to_login(logout_stepdefinition.java:48)] - login successfully
2020-04-10 15:28:44.086 INFO [main] [com.naukri.pages.Logoutpage_naukri] [user_selects_logout] [com.stepdefinition.logout_stepdefinition.user_selects_logout(logout_stepdefinition.java:57)] - logout successfully
2020-04-10 15:30:13.184 INFO [main] [com.naukri.pages.Logoutpage_naukri] [open_chrome_and_start_naukri_application] [com.stepdefinition.logout_stepdefinition.open_chrome_and_start_naukri_application(logout_stepdefinition.java:32)] - Chrome Browser launches
2020-04-10 15:30:13.203 INFO [main] [com.naukri.pages.Logoutpage_naukri] [user_enters_valid_username_and_password] [com.stepdefinition.logout_stepdefinition.user_enters_valid_username_and_password(logout_stepdefinition.java:37)] - Naukri website is opened
2020-04-10 15:30:33.890 INFO [main] [com.naukri.pages.Logoutpage_naukri] [user_must_able_to_login] [com.stepdefinition.logout_stepdefinition.user_must_able_to_login(logout_stepdefinition.java:48)] - login successfully
2020-04-10 15:30:45.350 INFO [main] [com.naukri.pages.Logoutpage_naukri] [user_selects_logout] [com.stepdefinition.logout_stepdefinition.user_selects_logout(logout_stepdefinition.java:57)] - logout successfully
2020-04-10 17:49:12.889 INFO [main] [com.naukri.pages.Logoutpage_naukri] [open_the_browser_and_start_url] [com.stepdefinition.searchjob_stepdefinition.open_the_browser_and_start_url(searchjob_stepdefinition.java:23)] - Chrome Browser launches
2020-04-10 17:49:13.420 INFO [main] [com.naukri.pages.Logoutpage_naukri] [user_selects_the_required_search_field] [com.stepdefinition.searchjob_stepdefinition.user_selects_the_required_search_field(searchjob_stepdefinition.java:30)] - search option is selected
2020-04-10 17:49:13.768 INFO [main] [com.naukri.pages.Logoutpage_naukri] [select_search_field] [com.stepdefinition.searchjob_stepdefinition.select_search_field(searchjob_stepdefinition.java:44)] - job search is done
2020-04-10 17:56:15.681 INFO [main] [com.naukri.pages.Profileupdate_naukri] [launch_the_chrome_browser_and_the_url] [com.stepdefinition.Profileupdate_stepdefinition.launch_the_chrome_browser_and_the_url(Profileupdate_stepdefinition.java:29)] - Chrome Browser launches
2020-04-10 17:56:17.967 INFO [main] [com.naukri.pages.Profileupdate_naukri] [enter_valid_details_such_as_username_and_password] [com.stepdefinition.Profileupdate_stepdefinition.enter_valid_details_such_as_username_and_password(Profileupdate_stepdefinition.java:40)] - login successfully
2020-04-10 17:56:22.849 INFO [main] [com.naukri.pages.Profileupdate_naukri] [user_selects_the_profile_update_option] [com.stepdefinition.Profileupdate_stepdefinition.user_selects_the_profile_update_option(Profileupdate_stepdefinition.java:48)] - profile is opened
2020-04-10 17:56:33.964 INFO [main] [com.naukri.pages.Profileupdate_naukri] [verify_the_email] [com.stepdefinition.Profileupdate_stepdefinition.verify_the_email(Profileupdate_stepdefinition.java:58)] - mail verfication is done
2020-04-10 17:57:39.336 INFO [main] [com.naukri.pages.Profileupdate_naukri] [launch_the_chrome_browser_and_the_url] [com.stepdefinition.Profileupdate_stepdefinition.launch_the_chrome_browser_and_the_url(Profileupdate_stepdefinition.java:29)] - Chrome Browser launches
2020-04-10 17:57:41.297 INFO [main] [com.naukri.pages.Profileupdate_naukri] [enter_valid_details_such_as_username_and_password] [com.stepdefinition.Profileupdate_stepdefinition.enter_valid_details_such_as_username_and_password(Profileupdate_stepdefinition.java:40)] - login successfully
2020-04-10 17:57:43.625 INFO [main] [com.naukri.pages.Profileupdate_naukri] [user_selects_the_profile_update_option] [com.stepdefinition.Profileupdate_stepdefinition.user_selects_the_profile_update_option(Profileupdate_stepdefinition.java:48)] - profile is opened
2020-04-10 17:57:46.513 INFO [main] [com.naukri.pages.Profileupdate_naukri] [verify_the_email] [com.stepdefinition.Profileupdate_stepdefinition.verify_the_email(Profileupdate_stepdefinition.java:58)] - mail verfication is done
2020-04-10 17:59:32.029 INFO [main] [com.naukri.pages.Profileupdate_naukri] [launch_the_chrome_browser_and_the_url] [com.stepdefinition.Profileupdate_stepdefinition.launch_the_chrome_browser_and_the_url(Profileupdate_stepdefinition.java:30)] - Chrome Browser launches
2020-04-10 17:59:32.854 INFO [main] [com.naukri.pages.Profileupdate_naukri] [enter_valid_details_such_as_username_and_password] [com.stepdefinition.Profileupdate_stepdefinition.enter_valid_details_such_as_username_and_password(Profileupdate_stepdefinition.java:41)] - login successfully
2020-04-10 17:59:36.121 INFO [main] [com.naukri.pages.Profileupdate_naukri] [user_selects_the_profile_update_option] [com.stepdefinition.Profileupdate_stepdefinition.user_selects_the_profile_update_option(Profileupdate_stepdefinition.java:49)] - profile is opened
2020-04-10 17:59:41.379 INFO [main] [com.naukri.pages.Profileupdate_naukri] [verify_the_email] [com.stepdefinition.Profileupdate_stepdefinition.verify_the_email(Profileupdate_stepdefinition.java:59)] - mail verfication is done
2020-04-10 18:04:55.770 INFO [main] [com.naukri.pages.Profileupdate_naukri] [launch_the_chrome_browser_and_the_url] [com.stepdefinition.Profileupdate_stepdefinition.launch_the_chrome_browser_and_the_url(Profileupdate_stepdefinition.java:31)] - Chrome Browser launches
2020-04-10 18:04:56.657 INFO [main] [com.naukri.pages.Profileupdate_naukri] [enter_valid_details_such_as_username_and_password] [com.stepdefinition.Profileupdate_stepdefinition.enter_valid_details_such_as_username_and_password(Profileupdate_stepdefinition.java:42)] - login successfully
2020-04-10 18:05:09.590 INFO [main] [com.naukri.pages.Profileupdate_naukri] [user_selects_the_profile_update_option] [com.stepdefinition.Profileupdate_stepdefinition.user_selects_the_profile_update_option(Profileupdate_stepdefinition.java:50)] - profile is opened
2020-04-10 18:05:14.446 INFO [main] [com.naukri.pages.Profileupdate_naukri] [verify_the_email] [com.stepdefinition.Profileupdate_stepdefinition.verify_the_email(Profileupdate_stepdefinition.java:62)] - mail verfication is done
2020-04-10 18:10:34.450 INFO [main] [com.naukri.pages.Logoutpage_naukri] [open_the_browser_and_start_url] [com.stepdefinition.searchjob_stepdefinition.open_the_browser_and_start_url(searchjob_stepdefinition.java:23)] - Chrome Browser launches
2020-04-10 18:10:34.843 INFO [main] [com.naukri.pages.Logoutpage_naukri] [user_selects_the_required_search_field] [com.stepdefinition.searchjob_stepdefinition.user_selects_the_required_search_field(searchjob_stepdefinition.java:30)] - search option is selected
2020-04-10 18:10:35.226 INFO [main] [com.naukri.pages.Logoutpage_naukri] [select_search_field] [com.stepdefinition.searchjob_stepdefinition.select_search_field(searchjob_stepdefinition.java:44)] - job search is done
2020-04-10 18:11:40.105 INFO [main] [com.naukri.pages.Logoutpage_naukri] [open_the_browser_and_start_url] [com.stepdefinition.searchjob_stepdefinition.open_the_browser_and_start_url(searchjob_stepdefinition.java:23)] - Chrome Browser launches
2020-04-10 18:11:41.537 INFO [main] [com.naukri.pages.Logoutpage_naukri] [user_selects_the_required_search_field] [com.stepdefinition.searchjob_stepdefinition.user_selects_the_required_search_field(searchjob_stepdefinition.java:30)] - search option is selected
2020-04-10 18:11:41.900 INFO [main] [com.naukri.pages.Logoutpage_naukri] [select_search_field] [com.stepdefinition.searchjob_stepdefinition.select_search_field(searchjob_stepdefinition.java:44)] - job search is done
2020-04-10 18:15:55.127 INFO [main] [com.naukri.pages.loginpage_naukri] [lauch_browser_and_start_app] [com.stepdefinition.applyjob_stepdefinition.lauch_browser_and_start_app(applyjob_stepdefinition.java:27)] - Chrome Browser launches
2020-04-10 18:15:59.305 INFO [main] [com.naukri.pages.loginpage_naukri] [view_the_required_job] [com.stepdefinition.applyjob_stepdefinition.view_the_required_job(applyjob_stepdefinition.java:45)] - search completed
2020-04-10 18:16:06.388 INFO [main] [com.naukri.pages.loginpage_naukri] [apply_for_it] [com.stepdefinition.applyjob_stepdefinition.apply_for_it(applyjob_stepdefinition.java:64)] - applied for job
